Base path: 'C:/Program Files/Unity/Hub/Editor/2019.3.1f1/Editor/Data', plugins path 'C:/Program Files/Unity/Hub/Editor/2019.3.1f1/Editor/Data/PlaybackEngines'
Cmd: initializeCompiler
Cmd: compileComputeKernel
  api=4 insize=848 outsize=330 ok=1
Cmd: compileComputeKernel
  api=4 insize=8630 outsize=8564 ok=1
Cmd: compileComputeKernel
  api=4 insize=4026 outsize=662 ok=1
Cmd: compileComputeKernel
  api=4 insize=10384 outsize=743141 ok=1
Cmd: compileComputeKernel
  api=4 insize=10868 outsize=4192 ok=1
Cmd: compileComputeKernel
  api=4 insize=868 outsize=578 ok=1
Cmd: compileComputeKernel
  api=4 insize=40246 outsize=37811 ok=1
Cmd: compileComputeKernel
  api=4 insize=40246 outsize=40233 ok=1
Cmd: compileComputeKernel
  api=4 insize=22295 outsize=15194 ok=1
Cmd: compileComputeKernel
  api=4 insize=3718 outsize=1426 ok=1
Cmd: compileComputeKernel
  api=4 insize=7841 outsize=7800 ok=1
Cmd: compileComputeKernel
  api=4 insize=20116 outsize=5238 ok=1
Cmd: compileComputeKernel
  api=4 insize=5168 outsize=2822 ok=1
Cmd: compileComputeKernel
  api=4 insize=10338 outsize=4045 ok=1
Cmd: compileComputeKernel
  api=4 insize=26542 outsize=15695 ok=1
Cmd: compileComputeKernel
  api=4 insize=15784 outsize=14055 ok=1
Cmd: compileComputeKernel
  api=4 insize=15784 outsize=39970 ok=1
Cmd: compileComputeKernel
  api=4 insize=15784 outsize=37394 ok=1
Cmd: compileComputeKernel
  api=4 insize=15784 outsize=37098 ok=1
Cmd: compileComputeKernel
  api=4 insize=15784 outsize=74985 ok=1
Cmd: compileComputeKernel
  api=4 insize=15784 outsize=78043 ok=1
Cmd: compileComputeKernel
  api=4 insize=6258 outsize=4872 ok=1
Cmd: compileComputeKernel
  api=4 insize=6258 outsize=660 ok=1
Cmd: compileComputeKernel
  api=4 insize=6258 outsize=4935 ok=1
Cmd: compileComputeKernel
  api=4 insize=6258 outsize=4935 ok=1
Cmd: compileComputeKernel
  api=4 insize=11069 outsize=8912 ok=1
Cmd: compileComputeKernel
  api=4 insize=13940 outsize=4058 ok=1
Cmd: compileSnippet
  api=4 type=1 insize=7868 outsize=5598 kw=DECALS_3RT _NORMALMAP_TANGENT_SPACE pd=UNITY_ENABLE_REFLECTION_BUFFERS UNITY_USE_DITHER_MASK_FOR_ALPHABLENDED_SHADOWS UNITY_PBS_USE_BRDF1 UNITY_SPECCUBE_BOX_PROJECTION UNITY_SPECCUBE_BLENDING UNITY_ENABLE_DETAIL_NORMALMAP SHADER_API_DESKTOP UNITY_LIGHT_PROBE_PROXY_VOLUME UNITY_LIGHTMAP_FULL_HDR ok=1
