Base path: 'C:/Program Files/Unity/Hub/Editor/2019.3.1f1/Editor/Data', plugins path 'C:/Program Files/Unity/Hub/Editor/2019.3.1f1/Editor/Data/PlaybackEngines'
Cmd: initializeCompiler
Cmd: compileComputeKernel
  api=4 insize=10288 outsize=4297 ok=1
Cmd: compileComputeKernel
  api=4 insize=8630 outsize=6417 ok=1
Cmd: compileComputeKernel
  api=4 insize=4026 outsize=2751 ok=1
Cmd: compileComputeKernel
  api=4 insize=2605 outsize=869 ok=1
Cmd: compileComputeKernel
  api=4 insize=10868 outsize=4534 ok=1
Cmd: compileComputeKernel
  api=4 insize=40246 outsize=34078 ok=1
Cmd: compileComputeKernel
  api=4 insize=40246 outsize=35450 ok=1
Cmd: compileComputeKernel
  api=4 insize=1113 outsize=687 ok=1
Cmd: compileComputeKernel
  api=4 insize=8233 outsize=695 ok=1
Cmd: compileComputeKernel
  api=4 insize=5168 outsize=3022 ok=1
Cmd: compileComputeKernel
  api=4 insize=10338 outsize=3652 ok=1
Cmd: compileComputeKernel
  api=4 insize=26542 outsize=13735 ok=1
Cmd: compileComputeKernel
  api=4 insize=15784 outsize=15310 ok=1
Cmd: compileComputeKernel
  api=4 insize=15784 outsize=55102 ok=1
Cmd: compileComputeKernel
  api=4 insize=15784 outsize=66853 ok=1
Cmd: compileComputeKernel
  api=4 insize=15784 outsize=14066 ok=1
Cmd: compileComputeKernel
  api=4 insize=15784 outsize=22545 ok=1
Cmd: compileComputeKernel
  api=4 insize=15784 outsize=66593 ok=1
Cmd: compileComputeKernel
  api=4 insize=15784 outsize=51303 ok=1
Cmd: compileComputeKernel
  api=4 insize=3697 outsize=3162 ok=1
Cmd: compileComputeKernel
  api=4 insize=26999 outsize=437 ok=1
Cmd: compileComputeKernel
  api=4 insize=12177 outsize=953 ok=1
Cmd: compileComputeKernel
  api=4 insize=3447 outsize=2127 ok=1

Quitting shader compiler process
