Base path: 'C:/Program Files/Unity/Hub/Editor/2019.3.1f1/Editor/Data', plugins path 'C:/Program Files/Unity/Hub/Editor/2019.3.1f1/Editor/Data/PlaybackEngines'
Cmd: initializeCompiler
Cmd: compileComputeKernel
  api=4 insize=21138 outsize=27115 ok=1
Cmd: compileComputeKernel
  api=4 insize=10288 outsize=4306 ok=1
Cmd: compileComputeKernel
  api=4 insize=8630 outsize=5302 ok=1
Cmd: compileComputeKernel
  api=4 insize=4026 outsize=677 ok=1
Cmd: compileComputeKernel
  api=4 insize=2673 outsize=2186 ok=1
Cmd: compileComputeKernel
  api=4 insize=10384 outsize=764995 ok=1
Cmd: compileComputeKernel
  api=4 insize=40246 outsize=35450 ok=1
Cmd: compileComputeKernel
  api=4 insize=22295 outsize=14875 ok=1
Cmd: compileComputeKernel
  api=4 insize=7841 outsize=7132 ok=1
Cmd: compileComputeKernel
  api=4 insize=20116 outsize=2349 ok=1
Cmd: compileComputeKernel
  api=4 insize=10338 outsize=2460 ok=1
Cmd: compileComputeKernel
  api=4 insize=10338 outsize=4256 ok=1
Cmd: compileComputeKernel
  api=4 insize=10338 outsize=4225 ok=1
Cmd: compileComputeKernel
  api=4 insize=26542 outsize=14181 ok=1
Cmd: compileComputeKernel
  api=4 insize=15784 outsize=34661 ok=1
Cmd: compileComputeKernel
  api=4 insize=15784 outsize=75534 ok=1
Cmd: compileComputeKernel
  api=4 insize=15784 outsize=36470 ok=1
Cmd: compileComputeKernel
  api=4 insize=15784 outsize=34760 ok=1
Cmd: compileComputeKernel
  api=4 insize=15784 outsize=38923 ok=1
Cmd: compileComputeKernel
  api=4 insize=15784 outsize=34775 ok=1
Cmd: compileComputeKernel
  api=4 insize=3916 outsize=1613 ok=1
Cmd: compileComputeKernel
  api=4 insize=13940 outsize=2094 ok=1
Cmd: compileSnippet
  api=4 type=0 insize=7392 outsize=810 kw=_NORMALMAP_TANGENT_SPACE pd=UNITY_ENABLE_REFLECTION_BUFFERS UNITY_USE_DITHER_MASK_FOR_ALPHABLENDED_SHADOWS UNITY_PBS_USE_BRDF1 UNITY_SPECCUBE_BOX_PROJECTION UNITY_SPECCUBE_BLENDING UNITY_ENABLE_DETAIL_NORMALMAP SHADER_API_DESKTOP UNITY_LIGHT_PROBE_PROXY_VOLUME UNITY_LIGHTMAP_FULL_HDR ok=1
